<?xml version="1.0" encoding="UTF-8"?>
<!-- Generated by org.testng.reporters.JUnitReportReporter -->
<testsuite skipped="0" hostname="USER-PC" name="cleartrip.FlightBookingTest" tests="1" failures="0" timestamp="05 May 2018 04:38:38 GMT" time="46.098" errors="0">
  <testcase name="testThatResultsAppearForAOneWayJourney" time="46.098" classname="cleartrip.FlightBookingTest"/>
</testsuite> <!-- cleartrip.FlightBookingTest -->
