<?xml version="1.0" encoding="UTF-8"?>
<!-- Generated by org.testng.reporters.JUnitReportReporter -->
<testsuite skipped="0" hostname="USER-PC" name="cleartrip.HotelBookingTest" tests="1" failures="0" timestamp="05 May 2018 04:38:38 GMT" time="47.533" errors="0">
  <testcase name="shouldBeAbleToSearchForHotels" time="47.533" classname="cleartrip.HotelBookingTest"/>
</testsuite> <!-- cleartrip.HotelBookingTest -->
